{"name": "Test login", "status": "broken", "statusDetails": {"message": "selenium.common.exceptions.TimeoutException: Message: Can't find element by locator ('css selector', '#dopdownUserNav > span')", "trace": "browser = <selenium.webdriver.chrome.webdriver.WebDriver (session=\"17e18ca6d6b039dad2ad59191cd444bb\")>\nrecord_testsuite_property = <function record_testsuite_property.<locals>.record_func at 0x0429E6A0>\n\n    @pytest.mark.smoke\n    @allure.title(\"Test login\")\n    @pytest.mark.ui\n    def test_login_form(browser, record_testsuite_property):\n        entered_to = RegistrationClassPage(browser)\n        entered_to.open()\n        entered_to.popup_sub()\n        entered_to.b_ptn_enter()\n        entered_to.entered_email_or_phone(\"egofest1990@gmail.com\")\n        entered_to.entered_password_for_login(\"16526381\")\n        entered_to.submit_for_login()\n>       entered_to.login_assert_for_pop_up()\n\ntest_main_page.py:39: \n_ _ _ _ _ _ _ _ _ _ _ _ _ _ _ _ _ _ _ _ _ _ _ _ _ _ _ _ _ _ _ _ _ _ _ _ _ _ _ _ _ _ _ _ _ _ _ _ _ _ _ _ _ _ _ _ _\npages\\main_page.py:88: in login_assert_for_pop_up\n    link_in = self.find_element(RegisterandLoginPageLocators.ASSERT_PERSONAL_CABINET_IS_PRESENT)\npages\\base_page.py:11: in find_element\n    return WebDriverWait(self.browser, time).until(EC.presence_of_element_located(locator),\n_ _ _ _ _ _ _ _ _ _ _ _ _ _ _ _ _ _ _ _ _ _ _ _ _ _ _ _ _ _ _ _ _ _ _ _ _ _ _ _ _ _ _ _ _ _ _ _ _ _ _ _ _ _ _ _ _\n\nself = <selenium.webdriver.support.wait.WebDriverWait (session=\"17e18ca6d6b039dad2ad59191cd444bb\")>\nmethod = <selenium.webdriver.support.expected_conditions.presence_of_element_located object at 0x042E6CD0>\nmessage = \"Can't find element by locator ('css selector', '#dopdownUserNav > span')\"\n\n    def until(self, method, message=''):\n        \"\"\"Calls the method provided with the driver as an argument until the \\\n        return value is not False.\"\"\"\n        screen = None\n        stacktrace = None\n    \n        end_time = time.time() + self._timeout\n        while True:\n            try:\n                value = method(self._driver)\n                if value:\n                    return value\n            except self._ignored_exceptions as exc:\n                screen = getattr(exc, 'screen', None)\n                stacktrace = getattr(exc, 'stacktrace', None)\n            time.sleep(self._poll)\n            if time.time() > end_time:\n                break\n>       raise TimeoutException(message, screen, stacktrace)\nE       selenium.common.exceptions.TimeoutException: Message: Can't find element by locator ('css selector', '#dopdownUserNav > span')\n\n..\\venv\\lib\\site-packages\\selenium\\webdriver\\support\\wait.py:80: TimeoutException"}, "attachments": [{"name": "log", "source": "eaef9317-fa87-4cb0-b736-ebb468cd3c80-attachment.txt", "type": "text/plain"}, {"name": "stdout", "source": "f408494e-d289-4752-ae4f-7874a381fa2b-attachment.txt", "type": "text/plain"}, {"name": "stderr", "source": "6426aacd-1a5b-4da4-be15-be47890373f8-attachment.txt", "type": "text/plain"}], "start": 1594324404743, "stop": 1594324439474, "uuid": "4763f8c9-e6a6-493e-b9da-d3e09b9859f2", "historyId": "d857a1d81a4b8b9ca49e962b7f12fbad", "testCaseId": "3f5bb8c1354cf224dcb6783da4a6879f", "fullName": "test_main_page#test_login_form", "labels": [{"name": "tag", "value": "smoke"}, {"name": "tag", "value": "ui"}, {"name": "suite", "value": "test_main_page"}, {"name": "host", "value": "DESKTOP-6UTB8J5"}, {"name": "thread", "value": "1360-MainThread"}, {"name": "framework", "value": "pytest"}, {"name": "language", "value": "cpython3"}, {"name": "package", "value": "test_main_page"}]}